...found 10 targets...
...found 3 targets...
...updating 1 target...
gcc.compile.c++ bin.v2\libs\context\config\gcc-android4.4.3\debug\target-os-linux\x86.o
D:\sdk\android-ndk-r8b\sources\boost\libs\context\config\x86.cpp:15:2: error: #error "Not x86"

    "d:/sdk/android-ndk-r8b/toolchains/arm-linux-androideabi-4.4.3/prebuilt/windows/bin/arm-linux-androideabi-g++"  -ftemplate-depth-128 -O0 -fno-inline -Wall -g --sysroot=d:/sdk/android-ndk-r8b/platforms/android-14/arch-arm -mthumb -Os -fno-strict-aliasing -O2 -DNDEBUG -g -lstdc++ -Id:/sdk/android-ndk-r8b/sources/cxx-stl/gnu-libstdc++/4.4.3/include -Id:/sdk/android-ndk-r8b/sources/cxx-stl/gnu-libstdc++/4.4.3/libs/armeabi/include -D__GLIBC__ -DBOOST_NO_INTRINSIC_WCHAR_T -DBOOST_NO_STD_WSTRING -DBOOST_FILESYSTEM_VERSION=2 -fPIC  -DBOOST_ALL_NO_LIB=1  -I"." -c -o "bin.v2\libs\context\config\gcc-android4.4.3\debug\target-os-linux\x86.o" "D:\sdk\android-ndk-r8b\sources\boost\libs\context\config\x86.cpp"

...failed gcc.compile.c++ bin.v2\libs\context\config\gcc-android4.4.3\debug\target-os-linux\x86.o...
...failed updating 1 target...
...found 3 targets...
...updating 1 target...
gcc.compile.c++ bin.v2\libs\context\config\gcc-android4.4.3\debug\target-os-linux\power.o
D:\sdk\android-ndk-r8b\sources\boost\libs\context\config\power.cpp:13:2: error: #error "Not PPC"

    "d:/sdk/android-ndk-r8b/toolchains/arm-linux-androideabi-4.4.3/prebuilt/windows/bin/arm-linux-androideabi-g++"  -ftemplate-depth-128 -O0 -fno-inline -Wall -g --sysroot=d:/sdk/android-ndk-r8b/platforms/android-14/arch-arm -mthumb -Os -fno-strict-aliasing -O2 -DNDEBUG -g -lstdc++ -Id:/sdk/android-ndk-r8b/sources/cxx-stl/gnu-libstdc++/4.4.3/include -Id:/sdk/android-ndk-r8b/sources/cxx-stl/gnu-libstdc++/4.4.3/libs/armeabi/include -D__GLIBC__ -DBOOST_NO_INTRINSIC_WCHAR_T -DBOOST_NO_STD_WSTRING -DBOOST_FILESYSTEM_VERSION=2 -fPIC  -DBOOST_ALL_NO_LIB=1  -I"." -c -o "bin.v2\libs\context\config\gcc-android4.4.3\debug\target-os-linux\power.o" "D:\sdk\android-ndk-r8b\sources\boost\libs\context\config\power.cpp"

...failed gcc.compile.c++ bin.v2\libs\context\config\gcc-android4.4.3\debug\target-os-linux\power.o...
...failed updating 1 target...
...found 3 targets...
...found 13 targets...
...updating 2 targets...
gcc.compile.c++ bin.v2\libs\regex\build\gcc-android4.4.3\debug\target-os-linux\has_icu_test.o
libs\regex\build\has_icu_test.cpp:12:30: error: unicode/uversion.h: No such file or directory
libs\regex\build\has_icu_test.cpp:13:28: error: unicode/utypes.h: No such file or directory
libs\regex\build\has_icu_test.cpp:14:27: error: unicode/uchar.h: No such file or directory
libs\regex\build\has_icu_test.cpp:15:26: error: unicode/coll.h: No such file or directory
libs\regex\build\has_icu_test.cpp: In function 'int main()':
libs\regex\build\has_icu_test.cpp:23: error: 'UErrorCode' was not declared in this scope
libs\regex\build\has_icu_test.cpp:23: error: expected ';' before 'err'
libs\regex\build\has_icu_test.cpp:24: error: 'UChar32' was not declared in this scope
libs\regex\build\has_icu_test.cpp:24: error: expected ';' before 'c'
libs\regex\build\has_icu_test.cpp:25: error: 'err' was not declared in this scope

    "d:/sdk/android-ndk-r8b/toolchains/arm-linux-androideabi-4.4.3/prebuilt/windows/bin/arm-linux-androideabi-g++"  -ftemplate-depth-128 -O0 -fno-inline -Wall -pedantic -g --sysroot=d:/sdk/android-ndk-r8b/platforms/android-14/arch-arm -mthumb -Os -fno-strict-aliasing -O2 -DNDEBUG -g -lstdc++ -Id:/sdk/android-ndk-r8b/sources/cxx-stl/gnu-libstdc++/4.4.3/include -Id:/sdk/android-ndk-r8b/sources/cxx-stl/gnu-libstdc++/4.4.3/libs/armeabi/include -D__GLIBC__ -DBOOST_NO_INTRINSIC_WCHAR_T -DBOOST_NO_STD_WSTRING -DBOOST_FILESYSTEM_VERSION=2 -fPIC  -DBOOST_ALL_NO_LIB=1 -DBOOST_HAS_ICU=1  -I"." -c -o "bin.v2\libs\regex\build\gcc-android4.4.3\debug\target-os-linux\has_icu_test.o" "libs\regex\build\has_icu_test.cpp"

...failed gcc.compile.c++ bin.v2\libs\regex\build\gcc-android4.4.3\debug\target-os-linux\has_icu_test.o...
...skipped <pbin.v2\libs\regex\build\gcc-android4.4.3\debug\target-os-linux>has_icu for lack of <pbin.v2\libs\regex\build\gcc-android4.4.3\debug\target-os-linux>has_icu_test.o...
...failed updating 1 target...
...skipped 1 target...
...found 10 targets...
...updating 2 targets...
gcc.compile.c++ bin.v2\libs\locale\build\gcc-android4.4.3\debug\target-os-linux\has_iconv_libc_obj.o
libs\locale\src\..\build\has_iconv.cpp:8:19: error: iconv.h: No such file or directory
libs\locale\src\..\build\has_iconv.cpp: In function 'int main()':
libs\locale\src\..\build\has_iconv.cpp:12: error: 'iconv_t' was not declared in this scope
libs\locale\src\..\build\has_iconv.cpp:12: error: expected ';' before 'd'
libs\locale\src\..\build\has_iconv.cpp:13: error: 'd' was not declared in this scope

    "d:/sdk/android-ndk-r8b/toolchains/arm-linux-androideabi-4.4.3/prebuilt/windows/bin/arm-linux-androideabi-g++"  -ftemplate-depth-128 -O0 -fno-inline -Wall -g --sysroot=d:/sdk/android-ndk-r8b/platforms/android-14/arch-arm -mthumb -Os -fno-strict-aliasing -O2 -DNDEBUG -g -lstdc++ -Id:/sdk/android-ndk-r8b/sources/cxx-stl/gnu-libstdc++/4.4.3/include -Id:/sdk/android-ndk-r8b/sources/cxx-stl/gnu-libstdc++/4.4.3/libs/armeabi/include -D__GLIBC__ -DBOOST_NO_INTRINSIC_WCHAR_T -DBOOST_NO_STD_WSTRING -DBOOST_FILESYSTEM_VERSION=2 -fPIC  -DBOOST_ALL_NO_LIB=1  -I"." -c -o "bin.v2\libs\locale\build\gcc-android4.4.3\debug\target-os-linux\has_iconv_libc_obj.o" "libs\locale\src\..\build\has_iconv.cpp"

...failed gcc.compile.c++ bin.v2\libs\locale\build\gcc-android4.4.3\debug\target-os-linux\has_iconv_libc_obj.o...
...skipped <pbin.v2\libs\locale\build\gcc-android4.4.3\debug\target-os-linux>has_iconv for lack of <pbin.v2\libs\locale\build\gcc-android4.4.3\debug\target-os-linux>has_iconv_libc_obj.o...
...failed updating 1 target...
...skipped 1 target...
...found 2 targets...
...updating 2 targets...
gcc.compile.c++ bin.v2\libs\locale\build\gcc-android4.4.3\debug\target-os-linux\has_iconv_libc_ext.o
libs\locale\src\..\build\has_iconv.cpp:8:19: error: iconv.h: No such file or directory
libs\locale\src\..\build\has_iconv.cpp: In function 'int main()':
libs\locale\src\..\build\has_iconv.cpp:12: error: 'iconv_t' was not declared in this scope
libs\locale\src\..\build\has_iconv.cpp:12: error: expected ';' before 'd'
libs\locale\src\..\build\has_iconv.cpp:13: error: 'd' was not declared in this scope

    "d:/sdk/android-ndk-r8b/toolchains/arm-linux-androideabi-4.4.3/prebuilt/windows/bin/arm-linux-androideabi-g++"  -ftemplate-depth-128 -O0 -fno-inline -Wall -g --sysroot=d:/sdk/android-ndk-r8b/platforms/android-14/arch-arm -mthumb -Os -fno-strict-aliasing -O2 -DNDEBUG -g -lstdc++ -Id:/sdk/android-ndk-r8b/sources/cxx-stl/gnu-libstdc++/4.4.3/include -Id:/sdk/android-ndk-r8b/sources/cxx-stl/gnu-libstdc++/4.4.3/libs/armeabi/include -D__GLIBC__ -DBOOST_NO_INTRINSIC_WCHAR_T -DBOOST_NO_STD_WSTRING -DBOOST_FILESYSTEM_VERSION=2 -fPIC  -DBOOST_ALL_NO_LIB=1  -I"." -c -o "bin.v2\libs\locale\build\gcc-android4.4.3\debug\target-os-linux\has_iconv_libc_ext.o" "libs\locale\src\..\build\has_iconv.cpp"

...failed gcc.compile.c++ bin.v2\libs\locale\build\gcc-android4.4.3\debug\target-os-linux\has_iconv_libc_ext.o...
...skipped <pbin.v2\libs\locale\build\gcc-android4.4.3\debug\target-os-linux>has_external_iconv for lack of <pbin.v2\libs\locale\build\gcc-android4.4.3\debug\target-os-linux>has_iconv_libc_ext.o...
...failed updating 1 target...
...skipped 1 target...
...found 5 targets...
...updating 2 targets...
gcc.compile.c++ bin.v2\libs\locale\build\gcc-android4.4.3\debug\target-os-linux\has_icu_obj.o
libs\locale\src\..\build\has_icu_test.cpp:12:30: error: unicode/uversion.h: No such file or directory
libs\locale\src\..\build\has_icu_test.cpp:13:27: error: unicode/locid.h: No such file or directory
libs\locale\src\..\build\has_icu_test.cpp:14:28: error: unicode/utypes.h: No such file or directory
libs\locale\src\..\build\has_icu_test.cpp:15:27: error: unicode/uchar.h: No such file or directory
libs\locale\src\..\build\has_icu_test.cpp:16:26: error: unicode/coll.h: No such file or directory
libs\locale\src\..\build\has_icu_test.cpp: In function 'int main()':
libs\locale\src\..\build\has_icu_test.cpp:24: error: 'icu' has not been declared
libs\locale\src\..\build\has_icu_test.cpp:24: error: expected ';' before 'loc'
libs\locale\src\..\build\has_icu_test.cpp:25: error: 'UErrorCode' was not declared in this scope
libs\locale\src\..\build\has_icu_test.cpp:25: error: expected ';' before 'err'
libs\locale\src\..\build\has_icu_test.cpp:26: error: 'UChar32' was not declared in this scope
libs\locale\src\..\build\has_icu_test.cpp:26: error: expected ';' before 'c'
libs\locale\src\..\build\has_icu_test.cpp:27: error: 'err' was not declared in this scope

    "d:/sdk/android-ndk-r8b/toolchains/arm-linux-androideabi-4.4.3/prebuilt/windows/bin/arm-linux-androideabi-g++"  -ftemplate-depth-128 -O0 -fno-inline -Wall -g --sysroot=d:/sdk/android-ndk-r8b/platforms/android-14/arch-arm -mthumb -Os -fno-strict-aliasing -O2 -DNDEBUG -g -lstdc++ -Id:/sdk/android-ndk-r8b/sources/cxx-stl/gnu-libstdc++/4.4.3/include -Id:/sdk/android-ndk-r8b/sources/cxx-stl/gnu-libstdc++/4.4.3/libs/armeabi/include -D__GLIBC__ -DBOOST_NO_INTRINSIC_WCHAR_T -DBOOST_NO_STD_WSTRING -DBOOST_FILESYSTEM_VERSION=2 -fPIC  -DBOOST_ALL_NO_LIB=1  -I"." -c -o "bin.v2\libs\locale\build\gcc-android4.4.3\debug\target-os-linux\has_icu_obj.o" "libs\locale\src\..\build\has_icu_test.cpp"

...failed gcc.compile.c++ bin.v2\libs\locale\build\gcc-android4.4.3\debug\target-os-linux\has_icu_obj.o...
...skipped <pbin.v2\libs\locale\build\gcc-android4.4.3\debug\target-os-linux>has_icu for lack of <pbin.v2\libs\locale\build\gcc-android4.4.3\debug\target-os-linux>has_icu_obj.o...
...failed updating 1 target...
...skipped 1 target...
...found 2 targets...
...updating 2 targets...
gcc.compile.c++ bin.v2\libs\locale\build\gcc-android4.4.3\debug\target-os-linux\has_icu64_obj.o
libs\locale\src\..\build\has_icu_test.cpp:12:30: error: unicode/uversion.h: No such file or directory
libs\locale\src\..\build\has_icu_test.cpp:13:27: error: unicode/locid.h: No such file or directory
libs\locale\src\..\build\has_icu_test.cpp:14:28: error: unicode/utypes.h: No such file or directory
libs\locale\src\..\build\has_icu_test.cpp:15:27: error: unicode/uchar.h: No such file or directory
libs\locale\src\..\build\has_icu_test.cpp:16:26: error: unicode/coll.h: No such file or directory
libs\locale\src\..\build\has_icu_test.cpp: In function 'int main()':
libs\locale\src\..\build\has_icu_test.cpp:24: error: 'icu' has not been declared
libs\locale\src\..\build\has_icu_test.cpp:24: error: expected ';' before 'loc'
libs\locale\src\..\build\has_icu_test.cpp:25: error: 'UErrorCode' was not declared in this scope
libs\locale\src\..\build\has_icu_test.cpp:25: error: expected ';' before 'err'
libs\locale\src\..\build\has_icu_test.cpp:26: error: 'UChar32' was not declared in this scope
libs\locale\src\..\build\has_icu_test.cpp:26: error: expected ';' before 'c'
libs\locale\src\..\build\has_icu_test.cpp:27: error: 'err' was not declared in this scope

    "d:/sdk/android-ndk-r8b/toolchains/arm-linux-androideabi-4.4.3/prebuilt/windows/bin/arm-linux-androideabi-g++"  -ftemplate-depth-128 -O0 -fno-inline -Wall -g --sysroot=d:/sdk/android-ndk-r8b/platforms/android-14/arch-arm -mthumb -Os -fno-strict-aliasing -O2 -DNDEBUG -g -lstdc++ -Id:/sdk/android-ndk-r8b/sources/cxx-stl/gnu-libstdc++/4.4.3/include -Id:/sdk/android-ndk-r8b/sources/cxx-stl/gnu-libstdc++/4.4.3/libs/armeabi/include -D__GLIBC__ -DBOOST_NO_INTRINSIC_WCHAR_T -DBOOST_NO_STD_WSTRING -DBOOST_FILESYSTEM_VERSION=2 -fPIC  -DBOOST_ALL_NO_LIB=1  -I"." -c -o "bin.v2\libs\locale\build\gcc-android4.4.3\debug\target-os-linux\has_icu64_obj.o" "libs\locale\src\..\build\has_icu_test.cpp"

...failed gcc.compile.c++ bin.v2\libs\locale\build\gcc-android4.4.3\debug\target-os-linux\has_icu64_obj.o...
...skipped <pbin.v2\libs\locale\build\gcc-android4.4.3\debug\target-os-linux>has_icu64 for lack of <pbin.v2\libs\locale\build\gcc-android4.4.3\debug\target-os-linux>has_icu64_obj.o...
...failed updating 1 target...
...skipped 1 target...
...found 8 targets...
...found 47 targets...
